<?xml version="1.0" encoding="UTF-8"?>
<!-- Generated by org.testng.reporters.JUnitReportReporter -->
<testsuite skipped="0" hostname="QA-RGRH-DESK2" name="com.learn.testcase.VerifyLoginTest" tests="1" failures="0" timestamp="16 Aug 2019 09:02:24 GMT" time="3.266" errors="0">
  <testcase name="verifyInvalidlogin" time="3.266" classname="com.learn.testcase.VerifyLoginTest"/>
</testsuite> <!-- com.learn.testcase.VerifyLoginTest -->
