<?xml version="1.0" encoding="UTF-8"?>
<!-- Generated by org.testng.reporters.JUnitReportReporter -->
<testsuite skipped="0" hostname="QA-RGRH-DESK2" name="com.learn.testcase.VerifyLandingPageTest" tests="1" failures="0" timestamp="16 Aug 2019 09:02:24 GMT" time="0.664" errors="0">
  <testcase name="verifyPageTitle" time="0.664" classname="com.learn.testcase.VerifyLandingPageTest"/>
</testsuite> <!-- com.learn.testcase.VerifyLandingPageTest -->
